<?xml version="1.0" encoding="UTF-8"?>
<testsuite name="com.intuit.inventory.management.controller.ProductControllerTest" tests="1" skipped="0" failures="0" errors="0" timestamp="2024-10-13T04:46:29" hostname="Tushars-MacBook-Pro.local" time="0.504">
  <properties/>
  <testcase name="testSaveProduct()" classname="com.intuit.inventory.management.controller.ProductControllerTest" time="0.504"/>
  <system-out><![CDATA[2024-10-13T10:16:23.369+05:30  INFO 64887 --- [inventory.management] [    Test worker] t.c.s.AnnotationConfigContextLoaderUtils : Could not detect default configuration classes for test class [com.intuit.inventory.management.controller.ProductControllerTest]: ProductControllerTest does not declare any static, non-private, non-final, nested classes annotated with @Configuration.
2024-10-13T10:16:23.382+05:30  INFO 64887 --- [inventory.management] [    Test worker] .b.t.c.SpringBootTestContextBootstrapper : Found @SpringBootConfiguration com.intuit.inventory.management.Application for test class com.intuit.inventory.management.controller.ProductControllerTest

  .   ____          _            __ _ _
 /\\ / ___'_ __ _ _(_)_ __  __ _ \ \ \ \
( ( )\___ | '_ | '_| | '_ \/ _` | \ \ \ \
 \\/  ___)| |_)| | | | | || (_| |  ) ) ) )
  '  |____| .__|_| |_|_| |_\__, | / / / /
 =========|_|==============|___/=/_/_/_/
 :: Spring Boot ::               (v3.2.10)

2024-10-13T10:16:23.411+05:30  INFO 64887 --- [inventory.management] [    Test worker] c.i.i.m.c.ProductControllerTest          : Starting ProductControllerTest using Java 17.0.12 with PID 64887 (started by tusharm in /Users/tusharm/Documents/java/inventoryManagement)
2024-10-13T10:16:23.411+05:30  INFO 64887 --- [inventory.management] [    Test worker] c.i.i.m.c.ProductControllerTest          : The following 1 profile is active: "dev"
2024-10-13T10:16:23.728+05:30  INFO 64887 --- [inventory.management] [    Test worker] .s.d.r.c.RepositoryConfigurationDelegate : Bootstrapping Spring Data JPA repositories in DEFAULT mode.
2024-10-13T10:16:23.746+05:30  INFO 64887 --- [inventory.management] [    Test worker] .s.d.r.c.RepositoryConfigurationDelegate : Finished Spring Data repository scanning in 17 ms. Found 4 JPA repository interfaces.
2024-10-13T10:16:23.877+05:30  INFO 64887 --- [inventory.management] [    Test worker] o.hibernate.jpa.internal.util.LogHelper  : HHH000204: Processing PersistenceUnitInfo [name: default]
2024-10-13T10:16:23.880+05:30  INFO 64887 --- [inventory.management] [    Test worker] o.h.c.internal.RegionFactoryInitiator    : HHH000026: Second-level cache disabled
2024-10-13T10:16:23.885+05:30  INFO 64887 --- [inventory.management] [    Test worker] o.s.o.j.p.SpringPersistenceUnitInfo      : No LoadTimeWeaver setup: ignoring JPA class transformer
2024-10-13T10:16:23.886+05:30  INFO 64887 --- [inventory.management] [    Test worker] com.zaxxer.hikari.HikariDataSource       : HikariPool-2 - Starting...
2024-10-13T10:16:23.893+05:30  INFO 64887 --- [inventory.management] [    Test worker] com.zaxxer.hikari.pool.HikariPool        : HikariPool-2 - Added connection org.postgresql.jdbc.PgConnection@7473cf13
2024-10-13T10:16:23.894+05:30  INFO 64887 --- [inventory.management] [    Test worker] com.zaxxer.hikari.HikariDataSource       : HikariPool-2 - Start completed.
2024-10-13T10:16:23.901+05:30  WARN 64887 --- [inventory.management] [    Test worker] org.hibernate.orm.deprecation            : HHH90000025: PostgreSQLDialect does not need to be specified explicitly using 'hibernate.dialect' (remove the property setting and it will be selected by default)
2024-10-13T10:16:24.007+05:30  INFO 64887 --- [inventory.management] [    Test worker] o.h.e.t.j.p.i.JtaPlatformInitiator       : HHH000489: No JTA platform available (set 'hibernate.transaction.jta.platform' to enable JTA platform integration)
2024-10-13T10:16:28.727+05:30  INFO 64887 --- [inventory.management] [    Test worker] j.LocalContainerEntityManagerFactoryBean : Initialized JPA EntityManagerFactory for persistence unit 'default'
2024-10-13T10:16:28.904+05:30  WARN 64887 --- [inventory.management] [    Test worker] JpaBaseConfiguration$JpaWebConfiguration : spring.jpa.open-in-view is enabled by default. Therefore, database queries may be performed during view rendering. Explicitly configure spring.jpa.open-in-view to disable this warning
2024-10-13T10:16:29.368+05:30  INFO 64887 --- [inventory.management] [    Test worker] o.s.b.t.m.w.SpringBootMockServletContext : Initializing Spring TestDispatcherServlet ''
2024-10-13T10:16:29.368+05:30  INFO 64887 --- [inventory.management] [    Test worker] o.s.t.web.servlet.TestDispatcherServlet  : Initializing Servlet ''
2024-10-13T10:16:29.374+05:30  INFO 64887 --- [inventory.management] [    Test worker] o.s.b.a.e.web.EndpointLinksResolver      : Exposing 13 endpoint(s) beneath base path '/actuator'
2024-10-13T10:16:29.390+05:30  INFO 64887 --- [inventory.management] [    Test worker] o.s.t.web.servlet.TestDispatcherServlet  : Completed initialization in 20 ms
2024-10-13T10:16:29.418+05:30  INFO 64887 --- [inventory.management] [    Test worker] c.i.i.m.c.ProductControllerTest          : Started ProductControllerTest in 6.033 seconds (process running for 18.333)
2024-10-13T10:16:29.750+05:30  INFO 64887 --- [inventory.management] [    Test worker] o.s.mock.web.MockServletContext          : Initializing Spring TestDispatcherServlet ''
2024-10-13T10:16:29.751+05:30  INFO 64887 --- [inventory.management] [    Test worker] o.s.t.web.servlet.TestDispatcherServlet  : Initializing Servlet ''
2024-10-13T10:16:29.752+05:30  INFO 64887 --- [inventory.management] [    Test worker] o.s.t.web.servlet.TestDispatcherServlet  : Completed initialization in 1 ms
2024-10-13T10:16:30.058+05:30  INFO 64887 --- [inventory.management] [    Test worker] c.i.i.m.controller.ProductController     : Adding a product to inventory. Product Id: 1
]]></system-out>
  <system-err><![CDATA[]]></system-err>
</testsuite>
