<?xml version="1.0" encoding="UTF-8"?>
<testsuite name="com.intuit.inventory.management.service.ProductServiceTest" tests="1" skipped="0" failures="0" errors="0" timestamp="2024-10-13T04:46:39" hostname="Tushars-MacBook-Pro.local" time="0.011">
  <properties/>
  <testcase name="testGetAllProductsPaged()" classname="com.intuit.inventory.management.service.ProductServiceTest" time="0.011"/>
  <system-out><![CDATA[2024-10-13T10:16:39.726+05:30  INFO 64887 --- [inventory.management] [    Test worker] t.c.s.AnnotationConfigContextLoaderUtils : Could not detect default configuration classes for test class [com.intuit.inventory.management.service.ProductServiceTest]: ProductServiceTest does not declare any static, non-private, non-final, nested classes annotated with @Configuration.
2024-10-13T10:16:39.733+05:30  INFO 64887 --- [inventory.management] [    Test worker] .b.t.c.SpringBootTestContextBootstrapper : Found @SpringBootConfiguration com.intuit.inventory.management.Application for test class com.intuit.inventory.management.service.ProductServiceTest
]]></system-out>
  <system-err><![CDATA[]]></system-err>
</testsuite>
